<?xml version="1.0" encoding="UTF-8"?>
<testsuite xmlns:xsi="http://www.w3.org/2001/XMLSchema-instance" xsi:noNamespaceSchemaLocation="https://maven.apache.org/surefire/maven-surefire-plugin/xsd/surefire-test-report.xsd" name="com.iota.iri.TransactionValidatorTest" time="0.594" tests="8" errors="0" skipped="0" failures="0">
  <properties>
    <property name="awt.toolkit" value="sun.awt.X11.XToolkit"/>
    <property name="file.encoding.pkg" value="sun.io"/>
    <property name="java.specification.version" value="1.8"/>
    <property name="sun.cpu.isalist" value=""/>
    <property name="sun.jnu.encoding" value="UTF-8"/>
    <property name="java.class.path" value="/home/osboxes/iri/target/test-classes:/home/osboxes/iri/target/classes:/root/.m2/repository/org/bouncycastle/bcprov-jdk15on/1.58/bcprov-jdk15on-1.58.jar:/root/.m2/repository/org/apache/commons/commons-lang3/3.5/commons-lang3-3.5.jar:/root/.m2/repository/org/slf4j/slf4j-api/1.7.25/slf4j-api-1.7.25.jar:/root/.m2/repository/ch/qos/logback/logback-classic/1.2.3/logback-classic-1.2.3.jar:/root/.m2/repository/ch/qos/logback/logback-core/1.2.3/logback-core-1.2.3.jar:/root/.m2/repository/commons-io/commons-io/2.5/commons-io-2.5.jar:/root/.m2/repository/org/rocksdb/rocksdbjni/5.7.3/rocksdbjni-5.7.3.jar:/root/.m2/repository/com/google/code/gson/gson/2.8.1/gson-2.8.1.jar:/root/.m2/repository/io/undertow/undertow-core/1.4.6.Final/undertow-core-1.4.6.Final.jar:/root/.m2/repository/org/jboss/logging/jboss-logging/3.2.1.Final/jboss-logging-3.2.1.Final.jar:/root/.m2/repository/org/jboss/xnio/xnio-api/3.3.6.Final/xnio-api-3.3.6.Final.jar:/root/.m2/repository/org/jboss/xnio/xnio-nio/3.3.6.Final/xnio-nio-3.3.6.Final.jar:/root/.m2/repository/io/undertow/undertow-servlet/1.4.6.Final/undertow-servlet-1.4.6.Final.jar:/root/.m2/repository/org/jboss/spec/javax/servlet/jboss-servlet-api_3.1_spec/1.0.0.Final/jboss-servlet-api_3.1_spec-1.0.0.Final.jar:/root/.m2/repository/org/jboss/spec/javax/annotation/jboss-annotations-api_1.2_spec/1.0.0.Final/jboss-annotations-api_1.2_spec-1.0.0.Final.jar:/root/.m2/repository/io/undertow/undertow-websockets-jsr/1.4.6.Final/undertow-websockets-jsr-1.4.6.Final.jar:/root/.m2/repository/org/jboss/spec/javax/websocket/jboss-websocket-api_1.1_spec/1.1.0.Final/jboss-websocket-api_1.1_spec-1.1.0.Final.jar:/root/.m2/repository/com/sanityinc/jargs/2.0-SNAPSHOT/jargs-2.0-SNAPSHOT.jar:/root/.m2/repository/com/jayway/restassured/rest-assured/2.9.0/rest-assured-2.9.0.jar:/root/.m2/repository/org/codehaus/groovy/groovy/2.4.4/groovy-2.4.4.jar:/root/.m2/repository/org/codehaus/groovy/groovy-xml/2.4.4/groovy-xml-2.4.4.jar:/root/.m2/repository/org/apache/httpcomponents/httpclient/4.5.1/httpclient-4.5.1.jar:/root/.m2/repository/org/apache/httpcomponents/httpcore/4.4.3/httpcore-4.4.3.jar:/root/.m2/repository/commons-logging/commons-logging/1.2/commons-logging-1.2.jar:/root/.m2/repository/commons-codec/commons-codec/1.9/commons-codec-1.9.jar:/root/.m2/repository/org/apache/httpcomponents/httpmime/4.5.1/httpmime-4.5.1.jar:/root/.m2/repository/org/hamcrest/hamcrest-core/1.3/hamcrest-core-1.3.jar:/root/.m2/repository/org/hamcrest/hamcrest-library/1.3/hamcrest-library-1.3.jar:/root/.m2/repository/org/ccil/cowan/tagsoup/tagsoup/1.2.1/tagsoup-1.2.1.jar:/root/.m2/repository/com/jayway/restassured/json-path/2.9.0/json-path-2.9.0.jar:/root/.m2/repository/org/codehaus/groovy/groovy-json/2.4.4/groovy-json-2.4.4.jar:/root/.m2/repository/com/jayway/restassured/rest-assured-common/2.9.0/rest-assured-common-2.9.0.jar:/root/.m2/repository/com/jayway/restassured/xml-path/2.9.0/xml-path-2.9.0.jar:/root/.m2/repository/com/jayway/jsonpath/json-path/2.2.0/json-path-2.2.0.jar:/root/.m2/repository/net/minidev/json-smart/2.2.1/json-smart-2.2.1.jar:/root/.m2/repository/net/minidev/accessors-smart/1.1/accessors-smart-1.1.jar:/root/.m2/repository/org/ow2/asm/asm/5.0.3/asm-5.0.3.jar:/root/.m2/repository/junit/junit/4.12/junit-4.12.jar:/root/.m2/repository/uk/co/froot/maven/enforcer/digest-enforcer-rules/0.0.1/digest-enforcer-rules-0.0.1.jar:/root/.m2/repository/org/apache/maven/enforcer/enforcer-api/1.2/enforcer-api-1.2.jar:/root/.m2/repository/org/codehaus/plexus/plexus-container-default/1.0-alpha-9/plexus-container-default-1.0-alpha-9.jar:/root/.m2/repository/classworlds/classworlds/1.1-alpha-2/classworlds-1.1-alpha-2.jar:/root/.m2/repository/org/apache/maven/maven-compat/3.0.3/maven-compat-3.0.3.jar:/root/.m2/repository/org/apache/maven/maven-model-builder/3.0.3/maven-model-builder-3.0.3.jar:/root/.m2/repository/org/apache/maven/maven-settings/3.0.3/maven-settings-3.0.3.jar:/root/.m2/repository/org/codehaus/plexus/plexus-utils/2.0.6/plexus-utils-2.0.6.jar:/root/.m2/repository/org/codehaus/plexus/plexus-interpolation/1.14/plexus-interpolation-1.14.jar:/root/.m2/repository/org/sonatype/sisu/sisu-inject-plexus/2.1.1/sisu-inject-plexus-2.1.1.jar:/root/.m2/repository/org/sonatype/sisu/sisu-inject-bean/2.1.1/sisu-inject-bean-2.1.1.jar:/root/.m2/repository/org/sonatype/sisu/sisu-guice/2.9.4/sisu-guice-2.9.4-no_aop.jar:/root/.m2/repository/org/codehaus/plexus/plexus-component-annotations/1.5.5/plexus-component-annotations-1.5.5.jar:/root/.m2/repository/org/apache/maven/wagon/wagon-provider-api/1.0-beta-7/wagon-provider-api-1.0-beta-7.jar:/root/.m2/repository/org/apache/maven/maven-plugin-api/3.0.3/maven-plugin-api-3.0.3.jar:/root/.m2/repository/org/apache/maven/maven-artifact/3.0.3/maven-artifact-3.0.3.jar:/root/.m2/repository/org/apache/maven/maven-core/3.0.3/maven-core-3.0.3.jar:/root/.m2/repository/org/apache/maven/maven-settings-builder/3.0.3/maven-settings-builder-3.0.3.jar:/root/.m2/repository/org/apache/maven/maven-repository-metadata/3.0.3/maven-repository-metadata-3.0.3.jar:/root/.m2/repository/org/apache/maven/maven-aether-provider/3.0.3/maven-aether-provider-3.0.3.jar:/root/.m2/repository/org/sonatype/aether/aether-spi/1.11/aether-spi-1.11.jar:/root/.m2/repository/org/sonatype/aether/aether-impl/1.11/aether-impl-1.11.jar:/root/.m2/repository/org/sonatype/aether/aether-api/1.11/aether-api-1.11.jar:/root/.m2/repository/org/sonatype/aether/aether-util/1.11/aether-util-1.11.jar:/root/.m2/repository/org/codehaus/plexus/plexus-classworlds/2.4/plexus-classworlds-2.4.jar:/root/.m2/repository/org/sonatype/plexus/plexus-sec-dispatcher/1.3/plexus-sec-dispatcher-1.3.jar:/root/.m2/repository/org/sonatype/plexus/plexus-cipher/1.4/plexus-cipher-1.4.jar:/root/.m2/repository/org/apache/maven/maven-model/3.0.3/maven-model-3.0.3.jar:/root/.m2/repository/org/ini4j/ini4j/0.5.4/ini4j-0.5.4.jar:/root/.m2/repository/org/zeromq/jeromq/0.4.3/jeromq-0.4.3.jar:/root/.m2/repository/org/zeromq/jnacl/0.1.0/jnacl-0.1.0.jar:"/>
    <property name="java.vm.vendor" value="Oracle Corporation"/>
    <property name="sun.arch.data.model" value="64"/>
    <property name="java.vendor.url" value="http://java.oracle.com/"/>
    <property name="user.timezone" value=""/>
    <property name="java.vm.specification.version" value="1.8"/>
    <property name="os.name" value="Linux"/>
    <property name="user.country" value="ES"/>
    <property name="sun.java.launcher" value="SUN_STANDARD"/>
    <property name="sun.boot.library.path" value="/usr/lib/jvm/java-8-openjdk-amd64/jre/lib/amd64"/>
    <property name="sun.java.command" value="/home/osboxes/iri/target/surefire/surefirebooter2738183933504405033.jar /home/osboxes/iri/target/surefire 2018-04-15T10-52-38_955-jvmRun1 surefire8330363113965248088tmp surefire_03059559871407998431tmp"/>
    <property name="surefire.test.class.path" value="/home/osboxes/iri/target/test-classes:/home/osboxes/iri/target/classes:/root/.m2/repository/org/bouncycastle/bcprov-jdk15on/1.58/bcprov-jdk15on-1.58.jar:/root/.m2/repository/org/apache/commons/commons-lang3/3.5/commons-lang3-3.5.jar:/root/.m2/repository/org/slf4j/slf4j-api/1.7.25/slf4j-api-1.7.25.jar:/root/.m2/repository/ch/qos/logback/logback-classic/1.2.3/logback-classic-1.2.3.jar:/root/.m2/repository/ch/qos/logback/logback-core/1.2.3/logback-core-1.2.3.jar:/root/.m2/repository/commons-io/commons-io/2.5/commons-io-2.5.jar:/root/.m2/repository/org/rocksdb/rocksdbjni/5.7.3/rocksdbjni-5.7.3.jar:/root/.m2/repository/com/google/code/gson/gson/2.8.1/gson-2.8.1.jar:/root/.m2/repository/io/undertow/undertow-core/1.4.6.Final/undertow-core-1.4.6.Final.jar:/root/.m2/repository/org/jboss/logging/jboss-logging/3.2.1.Final/jboss-logging-3.2.1.Final.jar:/root/.m2/repository/org/jboss/xnio/xnio-api/3.3.6.Final/xnio-api-3.3.6.Final.jar:/root/.m2/repository/org/jboss/xnio/xnio-nio/3.3.6.Final/xnio-nio-3.3.6.Final.jar:/root/.m2/repository/io/undertow/undertow-servlet/1.4.6.Final/undertow-servlet-1.4.6.Final.jar:/root/.m2/repository/org/jboss/spec/javax/servlet/jboss-servlet-api_3.1_spec/1.0.0.Final/jboss-servlet-api_3.1_spec-1.0.0.Final.jar:/root/.m2/repository/org/jboss/spec/javax/annotation/jboss-annotations-api_1.2_spec/1.0.0.Final/jboss-annotations-api_1.2_spec-1.0.0.Final.jar:/root/.m2/repository/io/undertow/undertow-websockets-jsr/1.4.6.Final/undertow-websockets-jsr-1.4.6.Final.jar:/root/.m2/repository/org/jboss/spec/javax/websocket/jboss-websocket-api_1.1_spec/1.1.0.Final/jboss-websocket-api_1.1_spec-1.1.0.Final.jar:/root/.m2/repository/com/sanityinc/jargs/2.0-SNAPSHOT/jargs-2.0-SNAPSHOT.jar:/root/.m2/repository/com/jayway/restassured/rest-assured/2.9.0/rest-assured-2.9.0.jar:/root/.m2/repository/org/codehaus/groovy/groovy/2.4.4/groovy-2.4.4.jar:/root/.m2/repository/org/codehaus/groovy/groovy-xml/2.4.4/groovy-xml-2.4.4.jar:/root/.m2/repository/org/apache/httpcomponents/httpclient/4.5.1/httpclient-4.5.1.jar:/root/.m2/repository/org/apache/httpcomponents/httpcore/4.4.3/httpcore-4.4.3.jar:/root/.m2/repository/commons-logging/commons-logging/1.2/commons-logging-1.2.jar:/root/.m2/repository/commons-codec/commons-codec/1.9/commons-codec-1.9.jar:/root/.m2/repository/org/apache/httpcomponents/httpmime/4.5.1/httpmime-4.5.1.jar:/root/.m2/repository/org/hamcrest/hamcrest-core/1.3/hamcrest-core-1.3.jar:/root/.m2/repository/org/hamcrest/hamcrest-library/1.3/hamcrest-library-1.3.jar:/root/.m2/repository/org/ccil/cowan/tagsoup/tagsoup/1.2.1/tagsoup-1.2.1.jar:/root/.m2/repository/com/jayway/restassured/json-path/2.9.0/json-path-2.9.0.jar:/root/.m2/repository/org/codehaus/groovy/groovy-json/2.4.4/groovy-json-2.4.4.jar:/root/.m2/repository/com/jayway/restassured/rest-assured-common/2.9.0/rest-assured-common-2.9.0.jar:/root/.m2/repository/com/jayway/restassured/xml-path/2.9.0/xml-path-2.9.0.jar:/root/.m2/repository/com/jayway/jsonpath/json-path/2.2.0/json-path-2.2.0.jar:/root/.m2/repository/net/minidev/json-smart/2.2.1/json-smart-2.2.1.jar:/root/.m2/repository/net/minidev/accessors-smart/1.1/accessors-smart-1.1.jar:/root/.m2/repository/org/ow2/asm/asm/5.0.3/asm-5.0.3.jar:/root/.m2/repository/junit/junit/4.12/junit-4.12.jar:/root/.m2/repository/uk/co/froot/maven/enforcer/digest-enforcer-rules/0.0.1/digest-enforcer-rules-0.0.1.jar:/root/.m2/repository/org/apache/maven/enforcer/enforcer-api/1.2/enforcer-api-1.2.jar:/root/.m2/repository/org/codehaus/plexus/plexus-container-default/1.0-alpha-9/plexus-container-default-1.0-alpha-9.jar:/root/.m2/repository/classworlds/classworlds/1.1-alpha-2/classworlds-1.1-alpha-2.jar:/root/.m2/repository/org/apache/maven/maven-compat/3.0.3/maven-compat-3.0.3.jar:/root/.m2/repository/org/apache/maven/maven-model-builder/3.0.3/maven-model-builder-3.0.3.jar:/root/.m2/repository/org/apache/maven/maven-settings/3.0.3/maven-settings-3.0.3.jar:/root/.m2/repository/org/codehaus/plexus/plexus-utils/2.0.6/plexus-utils-2.0.6.jar:/root/.m2/repository/org/codehaus/plexus/plexus-interpolation/1.14/plexus-interpolation-1.14.jar:/root/.m2/repository/org/sonatype/sisu/sisu-inject-plexus/2.1.1/sisu-inject-plexus-2.1.1.jar:/root/.m2/repository/org/sonatype/sisu/sisu-inject-bean/2.1.1/sisu-inject-bean-2.1.1.jar:/root/.m2/repository/org/sonatype/sisu/sisu-guice/2.9.4/sisu-guice-2.9.4-no_aop.jar:/root/.m2/repository/org/codehaus/plexus/plexus-component-annotations/1.5.5/plexus-component-annotations-1.5.5.jar:/root/.m2/repository/org/apache/maven/wagon/wagon-provider-api/1.0-beta-7/wagon-provider-api-1.0-beta-7.jar:/root/.m2/repository/org/apache/maven/maven-plugin-api/3.0.3/maven-plugin-api-3.0.3.jar:/root/.m2/repository/org/apache/maven/maven-artifact/3.0.3/maven-artifact-3.0.3.jar:/root/.m2/repository/org/apache/maven/maven-core/3.0.3/maven-core-3.0.3.jar:/root/.m2/repository/org/apache/maven/maven-settings-builder/3.0.3/maven-settings-builder-3.0.3.jar:/root/.m2/repository/org/apache/maven/maven-repository-metadata/3.0.3/maven-repository-metadata-3.0.3.jar:/root/.m2/repository/org/apache/maven/maven-aether-provider/3.0.3/maven-aether-provider-3.0.3.jar:/root/.m2/repository/org/sonatype/aether/aether-spi/1.11/aether-spi-1.11.jar:/root/.m2/repository/org/sonatype/aether/aether-impl/1.11/aether-impl-1.11.jar:/root/.m2/repository/org/sonatype/aether/aether-api/1.11/aether-api-1.11.jar:/root/.m2/repository/org/sonatype/aether/aether-util/1.11/aether-util-1.11.jar:/root/.m2/repository/org/codehaus/plexus/plexus-classworlds/2.4/plexus-classworlds-2.4.jar:/root/.m2/repository/org/sonatype/plexus/plexus-sec-dispatcher/1.3/plexus-sec-dispatcher-1.3.jar:/root/.m2/repository/org/sonatype/plexus/plexus-cipher/1.4/plexus-cipher-1.4.jar:/root/.m2/repository/org/apache/maven/maven-model/3.0.3/maven-model-3.0.3.jar:/root/.m2/repository/org/ini4j/ini4j/0.5.4/ini4j-0.5.4.jar:/root/.m2/repository/org/zeromq/jeromq/0.4.3/jeromq-0.4.3.jar:/root/.m2/repository/org/zeromq/jnacl/0.1.0/jnacl-0.1.0.jar:"/>
    <property name="sun.cpu.endian" value="little"/>
    <property name="user.home" value="/root"/>
    <property name="user.language" value="ca"/>
    <property name="java.specification.vendor" value="Oracle Corporation"/>
    <property name="java.home" value="/usr/lib/jvm/java-8-openjdk-amd64/jre"/>
    <property name="basedir" value="/home/osboxes/iri"/>
    <property name="file.separator" value="/"/>
    <property name="line.separator" value="&#10;"/>
    <property name="java.vm.specification.vendor" value="Oracle Corporation"/>
    <property name="java.specification.name" value="Java Platform API Specification"/>
    <property name="java.awt.graphicsenv" value="sun.awt.X11GraphicsEnvironment"/>
    <property name="surefire.real.class.path" value="/home/osboxes/iri/target/surefire/surefirebooter2738183933504405033.jar:/root/.m2/repository/org/jacoco/org.jacoco.agent/0.7.9/org.jacoco.agent-0.7.9-runtime.jar"/>
    <property name="sun.boot.class.path" value="/usr/lib/jvm/java-8-openjdk-amd64/jre/lib/resources.jar:/usr/lib/jvm/java-8-openjdk-amd64/jre/lib/rt.jar:/usr/lib/jvm/java-8-openjdk-amd64/jre/lib/sunrsasign.jar:/usr/lib/jvm/java-8-openjdk-amd64/jre/lib/jsse.jar:/usr/lib/jvm/java-8-openjdk-amd64/jre/lib/jce.jar:/usr/lib/jvm/java-8-openjdk-amd64/jre/lib/charsets.jar:/usr/lib/jvm/java-8-openjdk-amd64/jre/lib/jfr.jar:/usr/lib/jvm/java-8-openjdk-amd64/jre/classes"/>
    <property name="sun.management.compiler" value="HotSpot 64-Bit Tiered Compilers"/>
    <property name="java.runtime.version" value="1.8.0_131-8u131-b11-2ubuntu1.17.04.3-b11"/>
    <property name="user.name" value="root"/>
    <property name="path.separator" value=":"/>
    <property name="os.version" value="4.10.0-35-generic"/>
    <property name="java.endorsed.dirs" value="/usr/lib/jvm/java-8-openjdk-amd64/jre/lib/endorsed"/>
    <property name="java.runtime.name" value="OpenJDK Runtime Environment"/>
    <property name="file.encoding" value="UTF-8"/>
    <property name="java.vm.name" value="OpenJDK 64-Bit Server VM"/>
    <property name="localRepository" value="/root/.m2/repository"/>
    <property name="java.vendor.url.bug" value="http://bugreport.sun.com/bugreport/"/>
    <property name="java.io.tmpdir" value="/tmp"/>
    <property name="java.version" value="1.8.0_131"/>
    <property name="user.dir" value="/home/osboxes/iri"/>
    <property name="os.arch" value="amd64"/>
    <property name="java.vm.specification.name" value="Java Virtual Machine Specification"/>
    <property name="java.awt.printerjob" value="sun.print.PSPrinterJob"/>
    <property name="sun.os.patch.level" value="unknown"/>
    <property name="java.library.path" value="/usr/java/packages/lib/amd64:/usr/lib/x86_64-linux-gnu/jni:/lib/x86_64-linux-gnu:/usr/lib/x86_64-linux-gnu:/usr/lib/jni:/lib:/usr/lib"/>
    <property name="java.vm.info" value="mixed mode"/>
    <property name="java.vendor" value="Oracle Corporation"/>
    <property name="java.vm.version" value="25.131-b11"/>
    <property name="java.ext.dirs" value="/usr/lib/jvm/java-8-openjdk-amd64/jre/lib/ext:/usr/java/packages/lib/ext"/>
    <property name="sun.io.unicode.encoding" value="UnicodeLittle"/>
    <property name="java.class.version" value="52.0"/>
  </properties>
  <testcase name="addSolidTransactionWithoutErrors" classname="com.iota.iri.TransactionValidatorTest" time="0.011"/>
  <testcase name="validateBytes" classname="com.iota.iri.TransactionValidatorTest" time="0.035"/>
  <testcase name="validateTrits" classname="com.iota.iri.TransactionValidatorTest" time="0.02"/>
  <testcase name="verifyTxIsSolid" classname="com.iota.iri.TransactionValidatorTest" time="0.092"/>
  <testcase name="validateBytesWithNewCurl" classname="com.iota.iri.TransactionValidatorTest" time="0.042"/>
  <testcase name="testMinMwm" classname="com.iota.iri.TransactionValidatorTest" time="0.303"/>
  <testcase name="verifyTxIsNotSolid" classname="com.iota.iri.TransactionValidatorTest" time="0.005"/>
  <testcase name="validateTritsWithInvalidMetadata" classname="com.iota.iri.TransactionValidatorTest" time="0.006"/>
</testsuite>